<?xml version="1.0" encoding="UTF-8"?>
<!-- Generated by org.testng.reporters.JUnitReportReporter -->
<testsuite hostname="DESKTOP-JS1FIIV" failures="0" tests="3" name="test.NextStepTest" time="51.436" errors="0" timestamp="29 Nov 2017 11:29:10 GMT" skipped="1">
  <testcase classname="test.NextStepTest" name="register" time="26.150"/>
  <testcase classname="test.NextStepTest" name="login" time="25.286"/>
  <testcase classname="test.NextStepTest" name="resetPassword">
    <skipped/>
  </testcase> <!-- resetPassword -->
</testsuite> <!-- test.NextStepTest -->
